Arguments: 
  /Users/neo/.nvm/versions/node/v16.13.1/bin/node /usr/local/bin/yarn

PATH: 
  /opt/homebrew/opt/mysql-client/bin:/Users/neo/.nvm/versions/node/v16.13.1/bin:/Users/neo/.local/share/solana/install/active_release/bin:/opt/homebrew/bin:/opt/homebrew/sbin:/usr/local/bin:/usr/bin:/bin:/usr/sbin:/sbin:/usr/local/go/bin:/Library/Apple/usr/bin:/Applications/Postgres.app/Contents/Versions/latest/bin:/opt/homebrew/opt/mysql-client/bin:/Users/neo/.nvm/versions/node/v16.13.1/bin:/Users/neo/.local/share/solana/install/active_release/bin:/opt/homebrew/bin:/opt/homebrew/sbin:/Users/neo/.cargo/bin:/Users/neo/.foundry/bin:/Users/neo/.foundry/bin

Yarn version: 
  1.22.17

Node version: 
  16.13.1

Platform: 
  darwin arm64

Trace: 
  SyntaxError: /Users/neo/Documents/WAGMI/supreme-potato/package.json: Unexpected end of JSON input
      at JSON.parse (<anonymous>)
      at /usr/local/lib/node_modules/yarn/lib/cli.js:1625:59
      at Generator.next (<anonymous>)
      at step (/usr/local/lib/node_modules/yarn/lib/cli.js:310:30)
      at /usr/local/lib/node_modules/yarn/lib/cli.js:321:13

npm manifest: 
  {
    "name": "supreme-potato",
    "version": "1.0.0",
    "main": "node_modules/expo/AppEntry.js",
    "scripts": {
      "start": "expo start",
      "android": "expo start --android",
      "ios": "expo start --ios",
      "web": "expo start --web",
      "eject": "expo eject"
    },
    "dependencies": {
      "expo": "~44.0.0",
      "expo-status-bar": "~1.2.0",
      "react": "17.0.1",
      "react-dom": "17.0.1",
      "react-native": "0.64.3",
      "react-native-gesture-handler": "~2.1.0",
      "react-native-reanimated": "~2.3.1",
      "react-native-web": "0.17.1"

yarn manifest: 
  No manifest

Lockfile: 
  No lockfile
